<?xml version="1.0" encoding="UTF-8"?>
<testng-results skipped="0" failed="0" ignored="0" total="0" passed="0">
  <reporter-output>
  </reporter-output>
  <suite name="SelenCodes.ElementVisibilityTest" duration-ms="20" started-at="2020-01-29T08:15:28 IST" finished-at="2020-01-29T08:15:28 IST">
    <groups>
    </groups>
    <test name="Command line test" duration-ms="20" started-at="2020-01-29T08:15:28 IST" finished-at="2020-01-29T08:15:28 IST">
    </test> <!-- Command line test -->
  </suite> <!-- SelenCodes.ElementVisibilityTest -->
</testng-results>
